Build started 2014-09-11 21:03:36.
     1>Project "C:\Users\Mateusz\Documents\GitHub\JaebeInstal\PilotPC-Instalator\PilotPC-Instalator.vcxproj" on node 2 (Build target(s)).
     1>ClCompile:
         C:\Program Files (x86)\Microsoft Visual Studio 12.0\VC\bin\CL.exe /c /Zi /nologo /W3 /WX- /sdl /Ox /Oi /Ot /Oy- /D _USING_V110_SDK71_ /D _UNICODE /D UNICODE /Gm- /EHsc /MT /GS /Gy- /fp:precise /Zc:wchar_t /Zc:forScope /Fo"Release\\" /Fd"Release\vc120.pdb" /Gd /TP /analyze- /errorReport:prompt instalacja.cpp
         instalacja.cpp
     1>c:\users\mateusz\documents\github\jaebeinstal\pilotpc-instalator\start.h(9): warning C4007: 'WinMain' : must be '__stdcall'
     1>instalacja.cpp(123): warning C4101: 'dwError' : unreferenced local variable
     1>instalacja.cpp(148): warning C4018: '<' : signed/unsigned mismatch
     1>instalacja.cpp(176): warning C4244: '=' : conversion from 'std::streamoff' to 'unsigned long', possible loss of data
     1>instalacja.cpp(211): warning C4018: '<' : signed/unsigned mismatch
     1>instalacja.cpp(236): warning C4244: '=' : conversion from 'std::streamoff' to 'long', possible loss of data
     1>instalacja.cpp(238): warning C4244: '=' : conversion from 'std::streamoff' to 'int', possible loss of data
     1>instalacja.cpp(272): warning C4244: '=' : conversion from 'std::streamoff' to 'long', possible loss of data
     1>instalacja.cpp(274): warning C4018: '<' : signed/unsigned mismatch
     1>instalacja.cpp(278): warning C4018: '>=' : signed/unsigned mismatch
     1>instalacja.cpp(300): warning C4018: '<' : signed/unsigned mismatch
     1>instalacja.cpp(525): warning C4101: 'dwError' : unreferenced local variable
       Link:
         C:\Program Files (x86)\Microsoft Visual Studio 12.0\VC\bin\link.exe /ERRORREPORT:PROMPT /OUT:"C:\Users\Mateusz\Documents\GitHub\JaebeInstal\Release\a\PilotPC-Instalator.exe" /NOLOGO kernel32.lib user32.lib gdi32.lib winspool.lib comdlg32.lib advapi32.lib shell32.lib ole32.lib oleaut32.lib uuid.lib odbc32.lib odbccp32.lib /MANIFEST /MANIFESTUAC:"level='asInvoker' uiAccess='false'" /manifest:embed /DEBUG /PDB:"C:\Users\Mateusz\Documents\GitHub\JaebeInstal\Release\a\PilotPC-Instalator.pdb" /SUBSYSTEM:WINDOWS,"5.01" /OPT:REF /OPT:ICF /TLBID:1 /DYNAMICBASE /NXCOMPAT /IMPLIB:"C:\Users\Mateusz\Documents\GitHub\JaebeInstal\Release\a\PilotPC-Instalator.lib" /MACHINE:X86 /SAFESEH resource.rc
         Release\instalacja.obj
         Release\jezyk.obj
         Release\start.obj
         Release\StatyczneInfo.obj
         PilotPC-Instalator.vcxproj -> C:\Users\Mateusz\Documents\GitHub\JaebeInstal\Release\a\PilotPC-Instalator.exe
     1>Done Building Project "C:\Users\Mateusz\Documents\GitHub\JaebeInstal\PilotPC-Instalator\PilotPC-Instalator.vcxproj" (Build target(s)).

Build succeeded.

Time Elapsed 00:00:04.02
