Build started 2014-08-21 22:04:29.
     1>Project "C:\Users\Mateusz\Documents\GitHub\JaebeInstal\PilotPC-Instalator\PilotPC-Instalator.vcxproj" on node 2 (Build target(s)).
     1>ClCompile:
         C:\Program Files (x86)\Microsoft Visual Studio 12.0\VC\bin\CL.exe /c /ZI /nologo /W3 /WX- /sdl /Od /Oy- /D _USING_V110_SDK71_ /D _UNICODE /D UNICODE /Gm /EHsc /RTC1 /MDd /GS /fp:precise /Zc:wchar_t /Zc:forScope /Fo"Debug\\" /Fd"Debug\vc120.pdb" /Gd /TP /analyze- /errorReport:prompt start.cpp
         start.cpp
     1>c:\users\mateusz\documents\github\jaebeinstal\pilotpc-instalator\start.h(9): warning C4007: 'WinMain' : must be '__stdcall'
     1>c:\users\mateusz\documents\github\jaebeinstal\pilotpc-instalator\start.cpp(257): warning C4007: 'WinMain' : must be '__stdcall'
     1>c:\users\mateusz\documents\github\jaebeinstal\pilotpc-instalator\start.cpp(409): warning C4101: 'buf' : unreferenced local variable
     1>c:\users\mateusz\documents\github\jaebeinstal\pilotpc-instalator\start.cpp(948): warning C4244: '=' : conversion from 'std::streamoff' to 'unsigned long', possible loss of data
     1>c:\users\mateusz\documents\github\jaebeinstal\pilotpc-instalator\start.cpp(1225): warning C4129: 'p' : unrecognized character escape sequence
     1>c:\users\mateusz\documents\github\jaebeinstal\pilotpc-instalator\start.cpp(1225): warning C4129: 'P' : unrecognized character escape sequence
     1>c:\users\mateusz\documents\github\jaebeinstal\pilotpc-instalator\start.cpp(1228): warning C4018: '<' : signed/unsigned mismatch
     1>c:\users\mateusz\documents\github\jaebeinstal\pilotpc-instalator\start.cpp(1239): warning C4018: '<' : signed/unsigned mismatch
     1>c:\users\mateusz\documents\github\jaebeinstal\pilotpc-instalator\start.cpp(1273): warning C4800: 'BOOL' : forcing value to bool 'true' or 'false' (performance warning)
     1>c:\users\mateusz\documents\github\jaebeinstal\pilotpc-instalator\start.cpp(1370): warning C4101: 'buf' : unreferenced local variable
     1>c:\users\mateusz\documents\github\jaebeinstal\pilotpc-instalator\start.cpp(1510): warning C4800: 'BOOL' : forcing value to bool 'true' or 'false' (performance warning)
     1>c:\users\mateusz\documents\github\jaebeinstal\pilotpc-instalator\start.cpp(1385): warning C4101: 'xPos' : unreferenced local variable
     1>c:\users\mateusz\documents\github\jaebeinstal\pilotpc-instalator\start.cpp(1385): warning C4101: 'yPos' : unreferenced local variable
     1>c:\users\mateusz\documents\github\jaebeinstal\pilotpc-instalator\start.cpp(1665): warning C4715: 'WndProc' : not all control paths return a value
     1>C:\Program Files (x86)\MSBuild\Microsoft.Cpp\v4.0\V120\Microsoft.CppBuild.targets(1190,5): warning MSB8030: The linker switch "Minimum Required Version" requires "SubSystem" to be set.  Without "SubSystem", the "Minimum Required Version" would not be passed to linker and could prevent to the output binary from running on older Operating Systems.
       Link:
         C:\Program Files (x86)\Microsoft Visual Studio 12.0\VC\bin\link.exe /ERRORREPORT:PROMPT /OUT:"C:\Users\Mateusz\Documents\GitHub\JaebeInstal\Debug\PilotPC-Instalator.exe" /INCREMENTAL /NOLOGO user32.lib gdi32.lib gdiplus.lib kernel32.lib ws2_32.lib comctl32.lib kernel32.lib user32.lib gdi32.lib winspool.lib comdlg32.lib advapi32.lib shell32.lib ole32.lib oleaut32.lib uuid.lib odbc32.lib odbccp32.lib /MANIFEST /MANIFESTUAC:"level='asInvoker' uiAccess='false'" /manifest:embed /DEBUG /PDB:"C:\Users\Mateusz\Documents\GitHub\JaebeInstal\Debug\PilotPC-Instalator.pdb" /TLBID:1 /DYNAMICBASE /NXCOMPAT /IMPLIB:"C:\Users\Mateusz\Documents\GitHub\JaebeInstal\Debug\PilotPC-Instalator.lib" /MACHINE:X86 Debug\resource.res
         Debug\instalacja.obj
         Debug\jezyk.obj
         Debug\start.obj
         Debug\StatyczneInfo.obj
         PilotPC-Instalator.vcxproj -> C:\Users\Mateusz\Documents\GitHub\JaebeInstal\Debug\PilotPC-Instalator.exe
     1>Done Building Project "C:\Users\Mateusz\Documents\GitHub\JaebeInstal\PilotPC-Instalator\PilotPC-Instalator.vcxproj" (Build target(s)).

Build succeeded.

Time Elapsed 00:00:02.62
